<?xml version="1.0" encoding="UTF-8"?>
<!-- Generated by org.testng.reporters.JUnitXMLReporter -->
<testsuite ignored="19" hostname="NCRBaseload_W10" failures="1" tests="8" name="smoke" time="172.039" errors="0" timestamp="2022-07-22T12:24:06 IST">
  <testcase classname="com.MyStore2.testcases.IndexPageTest" name="verifyLogo" time="0.242"/>
  <testcase classname="com.MyStore2.testcases.IndexPageTest" name="verifyTitle" time="0.007"/>
  <testcase classname="com.MyStore2.testcases.SearchResultPageTest" name="productAvailabilityTest" time="14.298"/>
  <testcase classname="com.MyStore2.testcases.HomePageTest" name="orderHistoryAndDetails" time="12.588"/>
  <testcase classname="com.MyStore2.testcases.HomePageTest" name="wishListTest" time="11.385"/>
  <testcase classname="com.MyStore2.testcases.LoginPageTest" name="loginTest" time="11.781"/>
  <testcase classname="com.MyStore2.testcases.LoginPageTest" name="loginTest" time="12.656"/>
  <testcase classname="com.MyStore2.testcases.LoginPageTest" name="loginTest" time="12.557">
    <failure type="java.lang.AssertionError" message="expected [http://automationpractice.com/index.php?controller=my-account] but found [http://automationpractice.com/index.php?controller=authentication]">
      <![CDATA[java.lang.AssertionError: expected [http://automationpractice.com/index.php?controller=my-account] but found [http://automationpractice.com/index.php?controller=authentication]
at com.MyStore2.testcases.LoginPageTest.loginTest(LoginPageTest.java:48)
at java.base/java.util.ArrayList.forEach(ArrayList.java:1511)
... Removed 32 stack frames]]>
    </failure>
  </testcase> <!-- loginTest -->
  <testcase classname="com.MyStore2.testcases.OrderPageTest" name="validateOrderPage" time="0.0">
    <ignored/>
  </testcase> <!-- validateOrderPage -->
  <testcase classname="com.MyStore2.testcases.AccountCreationTest" name="verifyCreateAccountPageTest" time="0.0">
    <ignored/>
  </testcase> <!-- verifyCreateAccountPageTest -->
  <testcase classname="com.MyStore2.testcases.EndToEndTest" name="validateOrderPage" time="0.0">
    <ignored/>
  </testcase> <!-- validateOrderPage -->
  <testcase classname="com.MyStore2.base.BaseClass" name="@BeforeSuite beforeSuite" time="0.0">
    <ignored/>
  </testcase> <!-- @BeforeSuite beforeSuite -->
  <testcase classname="com.MyStore2.base.BaseClass" name="@BeforeSuite beforeSuite" time="0.0">
    <ignored/>
  </testcase> <!-- @BeforeSuite beforeSuite -->
  <testcase classname="com.MyStore2.base.BaseClass" name="@BeforeSuite beforeSuite" time="0.0">
    <ignored/>
  </testcase> <!-- @BeforeSuite beforeSuite -->
  <testcase classname="com.MyStore2.base.BaseClass" name="@BeforeSuite beforeSuite" time="0.0">
    <ignored/>
  </testcase> <!-- @BeforeSuite beforeSuite -->
  <testcase classname="com.MyStore2.base.BaseClass" name="@BeforeSuite beforeSuite" time="0.0">
    <ignored/>
  </testcase> <!-- @BeforeSuite beforeSuite -->
  <testcase classname="com.MyStore2.base.BaseClass" name="@BeforeSuite beforeSuite" time="0.0">
    <ignored/>
  </testcase> <!-- @BeforeSuite beforeSuite -->
  <testcase classname="com.MyStore2.base.BaseClass" name="@BeforeSuite beforeSuite" time="0.0">
    <ignored/>
  </testcase> <!-- @BeforeSuite beforeSuite -->
  <testcase classname="com.MyStore2.testcases.AddToCartPageTest" name="addToCartTest" time="0.0">
    <ignored/>
  </testcase> <!-- addToCartTest -->
  <testcase classname="com.MyStore2.base.BaseClass" name="@BeforeTest loadConfig" time="0.0">
    <ignored/>
  </testcase> <!-- @BeforeTest loadConfig -->
  <testcase classname="com.MyStore2.base.BaseClass" name="@BeforeTest loadConfig" time="0.0">
    <ignored/>
  </testcase> <!-- @BeforeTest loadConfig -->
  <testcase classname="com.MyStore2.base.BaseClass" name="@BeforeTest loadConfig" time="0.0">
    <ignored/>
  </testcase> <!-- @BeforeTest loadConfig -->
  <testcase classname="com.MyStore2.base.BaseClass" name="@BeforeTest loadConfig" time="0.0">
    <ignored/>
  </testcase> <!-- @BeforeTest loadConfig -->
  <testcase classname="com.MyStore2.base.BaseClass" name="@BeforeTest loadConfig" time="0.0">
    <ignored/>
  </testcase> <!-- @BeforeTest loadConfig -->
  <testcase classname="com.MyStore2.base.BaseClass" name="@BeforeTest loadConfig" time="0.0">
    <ignored/>
  </testcase> <!-- @BeforeTest loadConfig -->
  <testcase classname="com.MyStore2.base.BaseClass" name="@BeforeTest loadConfig" time="0.0">
    <ignored/>
  </testcase> <!-- @BeforeTest loadConfig -->
  <testcase classname="com.MyStore2.testcases.AccountCreationTest" name="createAccountTest" time="0.0">
    <ignored/>
  </testcase> <!-- createAccountTest -->
</testsuite> <!-- smoke -->
